-- The C compiler identification is GNU 11.4.0
-- The CXX compiler identification is GNU 11.4.0
-- Detecting C compiler ABI info
-- Detecting C compiler ABI info - done
-- Check for working C compiler: /usr/bin/cc - skipped
-- Detecting C compile features
-- Detecting C compile features - done
-- Detecting CXX compiler ABI info
-- Detecting CXX compiler ABI info - done
-- Check for working CXX compiler: /usr/bin/c++ - skipped
-- Detecting CXX compile features
-- Detecting CXX compile features - done
-- Found ament_cmake: 1.3.8 (/opt/ros/humble/share/ament_cmake/cmake)
-- Found Python3: /usr/bin/python3 (found version "3.10.12") found components: Interpreter 
-- Found sensor_msgs: 4.2.3 (/opt/ros/humble/share/sensor_msgs/cmake)
-- Found rosidl_generator_c: 3.1.5 (/opt/ros/humble/share/rosidl_generator_c/cmake)
-- Found rosidl_adapter: 3.1.5 (/opt/ros/humble/share/rosidl_adapter/cmake)
-- Found rosidl_generator_cpp: 3.1.5 (/opt/ros/humble/share/rosidl_generator_cpp/cmake)
-- Using all available rosidl_typesupport_c: rosidl_typesupport_fastrtps_c;rosidl_typesupport_introspection_c
-- Using all available rosidl_typesupport_cpp: rosidl_typesupport_fastrtps_cpp;rosidl_typesupport_introspection_cpp
-- Found rclcpp: 16.0.8 (/opt/ros/humble/share/rclcpp/cmake)
-- Found rmw_implementation_cmake: 6.1.1 (/opt/ros/humble/share/rmw_implementation_cmake/cmake)
-- Found rmw_fastrtps_cpp: 6.2.6 (/opt/ros/humble/share/rmw_fastrtps_cpp/cmake)
-- Found OpenSSL: /usr/lib/x86_64-linux-gnu/libcrypto.so (found version "3.0.2")  
-- Found FastRTPS: /opt/ros/humble/include  
-- Using RMW implementation 'rmw_fastrtps_cpp' as default
-- Looking for pthread.h
-- Looking for pthread.h - found
-- Performing Test CMAKE_HAVE_LIBC_PTHREAD
-- Performing Test CMAKE_HAVE_LIBC_PTHREAD - Success
-- Found Threads: TRUE  
-- Found ament_lint_auto: 0.12.10 (/opt/ros/humble/share/ament_lint_auto/cmake)
-- Added test 'cppcheck' to perform static code analysis on C / C++ code
-- Configured cppcheck include dirs: /home/anaple/rtk_ws/src/gs2lidar/include;/home/anaple/rtk_ws/src/gs2lidar/src/sdk
-- Configured cppcheck exclude dirs and/or files: 
-- Added test 'lint_cmake' to check CMake code style
-- Added test 'uncrustify' to check C / C++ code style
-- Configured uncrustify additional arguments: 
-- Added test 'xmllint' to check XML markup files
-- Configuring done
-- Generating done
-- Build files have been written to: /home/anaple/rtk_ws/src/gs2lidar/build/gs2lidar
[ 30%] [32mBuilding CXX object CMakeFiles/ydlidar_driver.dir/src/sdk/impl/unix/unix_serial.cpp.o[0m
[ 30%] [32mBuilding CXX object CMakeFiles/ydlidar_driver.dir/src/sdk/CYdLidar.cpp.o[0m
[ 30%] [32mBuilding CXX object CMakeFiles/ydlidar_driver.dir/src/sdk/impl/unix/list_ports_linux.cpp.o[0m
[ 40%] [32mBuilding CXX object CMakeFiles/ydlidar_driver.dir/src/sdk/serial.cpp.o[0m
[ 60%] [32mBuilding C object CMakeFiles/ydlidar_driver.dir/src/sdk/lock.c.o[0m
[ 60%] [32mBuilding CXX object CMakeFiles/ydlidar_driver.dir/src/sdk/impl/unix/unix_timer.cpp.o[0m
[ 70%] [32mBuilding CXX object CMakeFiles/ydlidar_driver.dir/src/sdk/ydlidar_driver.cpp.o[0m
[01m[K/home/anaple/rtk_ws/src/gs2lidar/src/sdk/lock.c:[m[K In function â€˜[01m[Kfhs_lock[m[Kâ€™:
[01m[K/home/anaple/rtk_ws/src/gs2lidar/src/sdk/lock.c:243:3:[m[K [01;35m[Kwarning: [m[Kignoring return value of â€˜[01m[Kwrite[m[Kâ€™ declared with attribute â€˜[01m[Kwarn_unused_result[m[Kâ€™ [[01;35m[K]8;;https://gcc.gnu.org/onlinedocs/gcc/Warning-Options.html#index-Wunused-result-Wunused-result]8;;[m[K]
  243 |   [01;35m[Kwrite(fd, lockinfo, 11)[m[K;
      |   [01;35m[K^~~~~~~~~~~~~~~~~~~~~~~[m[K
[01m[K/home/anaple/rtk_ws/src/gs2lidar/src/sdk/lock.c:[m[K In function â€˜[01m[Kuucp_lock[m[Kâ€™:
[01m[K/home/anaple/rtk_ws/src/gs2lidar/src/sdk/lock.c:328:3:[m[K [01;35m[Kwarning: [m[Kignoring return value of â€˜[01m[Kwrite[m[Kâ€™ declared with attribute â€˜[01m[Kwarn_unused_result[m[Kâ€™ [[01;35m[K]8;;https://gcc.gnu.org/onlinedocs/gcc/Warning-Options.html#index-Wunused-result-Wunused-result]8;;[m[K]
  328 |   [01;35m[Kwrite(fd, lockinfo, 11)[m[K;
      |   [01;35m[K^~~~~~~~~~~~~~~~~~~~~~~[m[K
[01m[K/home/anaple/rtk_ws/src/gs2lidar/src/sdk/lock.c:[m[K In function â€˜[01m[Kis_device_locked[m[Kâ€™:
[01m[K/home/anaple/rtk_ws/src/gs2lidar/src/sdk/lock.c:773:5:[m[K [01;35m[Kwarning: [m[Kignoring return value of â€˜[01m[Kread[m[Kâ€™ declared with attribute â€˜[01m[Kwarn_unused_result[m[Kâ€™ [[01;35m[K]8;;https://gcc.gnu.org/onlinedocs/gcc/Warning-Options.html#index-Wunused-result-Wunused-result]8;;[m[K]
  773 |     [01;35m[Kread(fd, pid_buffer, 11)[m[K;
      |     [01;35m[K^~~~~~~~~~~~~~~~~~~~~~~~[m[K
In file included from [01m[K/home/anaple/rtk_ws/src/gs2lidar/include/ydlidar_driver.h:57[m[K,
                 from [01m[K/home/anaple/rtk_ws/src/gs2lidar/include/CYdLidar.h:54[m[K,
                 from [01m[K/home/anaple/rtk_ws/src/gs2lidar/src/sdk/CYdLidar.cpp:34[m[K:
[01m[K/home/anaple/rtk_ws/src/gs2lidar/include/ydlidar_protocol.h:351:27:[m[K [01;35m[Kwarning: [m[Kignoring packed attribute because of unpacked non-POD field â€˜[01m[Kstd::vector<LaserPoint> LaserScan::points[m[Kâ€™
  351 |   std::vector<LaserPoint> [01;35m[Kpoints[m[K;
      |                           [01;35m[K^~~~~~[m[K
[01m[K/home/anaple/rtk_ws/src/gs2lidar/include/ydlidar_protocol.h:353:15:[m[K [01;35m[Kwarning: [m[Kignoring packed attribute because of unpacked non-POD field â€˜[01m[KLaserConfig LaserScan::config[m[Kâ€™
  353 |   LaserConfig [01;35m[Kconfig[m[K;
      |               [01;35m[K^~~~~~[m[K
In file included from [01m[K/home/anaple/rtk_ws/src/gs2lidar/include/ydlidar_driver.h:57[m[K,
                 from [01m[K/home/anaple/rtk_ws/src/gs2lidar/src/sdk/ydlidar_driver.cpp:34[m[K:
[01m[K/home/anaple/rtk_ws/src/gs2lidar/include/ydlidar_protocol.h:351:27:[m[K [01;35m[Kwarning: [m[Kignoring packed attribute because of unpacked non-POD field â€˜[01m[Kstd::vector<LaserPoint> LaserScan::points[m[Kâ€™
  351 |   std::vector<LaserPoint> [01;35m[Kpoints[m[K;
      |                           [01;35m[K^~~~~~[m[K
[01m[K/home/anaple/rtk_ws/src/gs2lidar/include/ydlidar_protocol.h:353:15:[m[K [01;35m[Kwarning: [m[Kignoring packed attribute because of unpacked non-POD field â€˜[01m[KLaserConfig LaserScan::config[m[Kâ€™
  353 |   LaserConfig [01;35m[Kconfig[m[K;
      |               [01;35m[K^~~~~~[m[K
[01m[K/home/anaple/rtk_ws/src/gs2lidar/src/sdk/ydlidar_driver.cpp:[m[K In member function â€˜[01m[Kresult_t ydlidar::YDlidarDriver::waitPackage(node_info*, uint32_t)[m[Kâ€™:
[01m[K/home/anaple/rtk_ws/src/gs2lidar/src/sdk/ydlidar_driver.cpp:757:80:[m[K [01;35m[Kwarning: [m[Ktaking address of packed member of â€˜[01m[Knode_info[m[Kâ€™ may result in an unaligned pointer value [[01;35m[K]8;;https://gcc.gnu.org/onlinedocs/gcc/Warning-Options.html#index-Waddress-of-packed-member-Waddress-of-packed-member]8;;[m[K]
  757 |             angTransform((*node).distance_q2,package_Sample_Index,&sampleAngle,[01;35m[K&(*node).distance_q2[m[K);
      |                                                                                [01;35m[K^~~~~~~~~~~~~~~~~~~~[m[K
In file included from [01m[K/home/anaple/rtk_ws/src/gs2lidar/include/ydlidar_driver.h:58[m[K,
                 from [01m[K/home/anaple/rtk_ws/src/gs2lidar/include/CYdLidar.h:54[m[K,
                 from [01m[K/home/anaple/rtk_ws/src/gs2lidar/src/sdk/CYdLidar.cpp:34[m[K:
[01m[K/home/anaple/rtk_ws/src/gs2lidar/include/help_info.h:[m[K In member function â€˜[01m[Kvoid CYdLidar::handleDeviceInfoPackage(int)[m[Kâ€™:
[01m[K/home/anaple/rtk_ws/src/gs2lidar/include/help_info.h:715:67:[m[K [01;35m[Kwarning: [m[Kâ€˜[01m[K__builtin___sprintf_chk[m[Kâ€™ writing a terminating nul past the end of the destination [[01;35m[K]8;;https://gcc.gnu.org/onlinedocs/gcc/Warning-Options.html#index-Wformat-overflow=-Wformat-overflow=]8;;[m[K]
  715 |       sprintf(reinterpret_cast<char *>(value.serialnum + 8), "%08d[01;35m[K"[m[K, Number);
      |                                                                   [01;35m[K^[m[K
In file included from [01m[K/usr/include/stdio.h:894[m[K,
                 from [01m[K/usr/include/c++/11/cstdio:42[m[K,
                 from [01m[K/usr/include/c++/11/ext/string_conversions.h:43[m[K,
                 from [01m[K/usr/include/c++/11/bits/basic_string.h:6608[m[K,
                 from [01m[K/usr/include/c++/11/string:55[m[K,
                 from [01m[K/home/anaple/rtk_ws/src/gs2lidar/include/serial.h:6[m[K,
                 from [01m[K/home/anaple/rtk_ws/src/gs2lidar/include/ydlidar_driver.h:54[m[K,
                 from [01m[K/home/anaple/rtk_ws/src/gs2lidar/include/CYdLidar.h:54[m[K,
                 from [01m[K/home/anaple/rtk_ws/src/gs2lidar/src/sdk/CYdLidar.cpp:34[m[K:
[01m[K/usr/include/x86_64-linux-gnu/bits/stdio2.h:38:34:[m[K [01;36m[Knote: [m[Kâ€˜[01m[K__builtin___sprintf_chk[m[Kâ€™ output 9 bytes into a destination of size 8
   38 |   return [01;36m[K__builtin___sprintf_chk (__s, __USE_FORTIFY_LEVEL - 1,[m[K
      |          [01;36m[K~~~~~~~~~~~~~~~~~~~~~~~~^~~~~~~~~~~~~~~~~~~~~~~~~~~~~~[m[K
   39 | [01;36m[K                                  __glibc_objsize (__s), __fmt,[m[K
      |                                   [01;36m[K~~~~~~~~~~~~~~~~~~~~~~~~~~~~~[m[K
   40 | [01;36m[K                                  __va_arg_pack ())[m[K;
      |                                   [01;36m[K~~~~~~~~~~~~~~~~~[m[K
[ 80%] [32m[1mLinking CXX static library libydlidar_driver.a[0m
[ 80%] Built target ydlidar_driver
[ 90%] [32mBuilding CXX object CMakeFiles/gs2lidar.dir/src/mian_ros2node.cpp.o[0m
[01m[K/home/anaple/rtk_ws/src/gs2lidar/src/mian_ros2node.cpp:1:10:[m[K [01;31m[Kfatal error: [m[Krclcpp/rclcpp.hpp: æ²¡æœ‰é‚£ä¸ªæ–‡ä»¶æˆ–ç›®å½•
    1 | #include [01;31m[K<rclcpp/rclcpp.hpp>[m[K
      |          [01;31m[K^~~~~~~~~~~~~~~~~~~[m[K
compilation terminated.
gmake[2]: *** [CMakeFiles/gs2lidar.dir/build.make:76ï¼šCMakeFiles/gs2lidar.dir/src/mian_ros2node.cpp.o] é”™è¯¯ 1
gmake[1]: *** [CMakeFiles/Makefile2:165ï¼šCMakeFiles/gs2lidar.dir/all] é”™è¯¯ 2
gmake: *** [Makefile:146ï¼šall] é”™è¯¯ 2
