[0.061s] Invoking command in '/home/anaple/rtk_ws/src/gs2lidar/build/gs2lidar': CMAKE_PREFIX_PATH=${CMAKE_PREFIX_PATH}:/opt/ros/humble /usr/bin/cmake --build /home/anaple/rtk_ws/src/gs2lidar/build/gs2lidar -- -j16 -l16
[0.135s] [ 80%] Built target ydlidar_driver
[0.157s] [35m[1mConsolidate compiler generated dependencies of target gs2lidar[0m
[0.187s] [ 90%] [32mBuilding CXX object CMakeFiles/gs2lidar.dir/src/main_ros2node.cpp.o[0m
[2.096s] In file included from [01m[K/home/anaple/rtk_ws/src/gs2lidar/include/serial.h:9[m[K,
[2.096s]                  from [01m[K/home/anaple/rtk_ws/src/gs2lidar/include/ydlidar_driver.h:54[m[K,
[2.096s]                  from [01m[K/home/anaple/rtk_ws/src/gs2lidar/include/CYdLidar.h:54[m[K,
[2.096s]                  from [01m[K/home/anaple/rtk_ws/src/gs2lidar/src/main_ros2node.cpp:4[m[K:
[2.096s] [01m[K/home/anaple/rtk_ws/src/gs2lidar/include/v8stdint.h:[m[K In function â€˜[01m[Kbool ydlidar::fileExists(std::string)[m[Kâ€™:
[2.097s] [01m[K/home/anaple/rtk_ws/src/gs2lidar/include/v8stdint.h:240:24:[m[K [01;35m[Kwarning: [m[Kmissing initializer for member â€˜[01m[Kstat::st_ino[m[Kâ€™ [[01;35m[K]8;;https://gcc.gnu.org/onlinedocs/gcc/Warning-Options.html#index-Wmissing-field-initializers-Wmissing-field-initializers]8;;[m[K]
[2.097s]   240 |   struct stat info = {0[01;35m[K}[m[K;
[2.097s]       |                        [01;35m[K^[m[K
[2.097s] [01m[K/home/anaple/rtk_ws/src/gs2lidar/include/v8stdint.h:240:24:[m[K [01;35m[Kwarning: [m[Kmissing initializer for member â€˜[01m[Kstat::st_nlink[m[Kâ€™ [[01;35m[K]8;;https://gcc.gnu.org/onlinedocs/gcc/Warning-Options.html#index-Wmissing-field-initializers-Wmissing-field-initializers]8;;[m[K]
[2.097s] [01m[K/home/anaple/rtk_ws/src/gs2lidar/include/v8stdint.h:240:24:[m[K [01;35m[Kwarning: [m[Kmissing initializer for member â€˜[01m[Kstat::st_mode[m[Kâ€™ [[01;35m[K]8;;https://gcc.gnu.org/onlinedocs/gcc/Warning-Options.html#index-Wmissing-field-initializers-Wmissing-field-initializers]8;;[m[K]
[2.097s] [01m[K/home/anaple/rtk_ws/src/gs2lidar/include/v8stdint.h:240:24:[m[K [01;35m[Kwarning: [m[Kmissing initializer for member â€˜[01m[Kstat::st_uid[m[Kâ€™ [[01;35m[K]8;;https://gcc.gnu.org/onlinedocs/gcc/Warning-Options.html#index-Wmissing-field-initializers-Wmissing-field-initializers]8;;[m[K]
[2.097s] [01m[K/home/anaple/rtk_ws/src/gs2lidar/include/v8stdint.h:240:24:[m[K [01;35m[Kwarning: [m[Kmissing initializer for member â€˜[01m[Kstat::st_gid[m[Kâ€™ [[01;35m[K]8;;https://gcc.gnu.org/onlinedocs/gcc/Warning-Options.html#index-Wmissing-field-initializers-Wmissing-field-initializers]8;;[m[K]
[2.097s] [01m[K/home/anaple/rtk_ws/src/gs2lidar/include/v8stdint.h:240:24:[m[K [01;35m[Kwarning: [m[Kmissing initializer for member â€˜[01m[Kstat::__pad0[m[Kâ€™ [[01;35m[K]8;;https://gcc.gnu.org/onlinedocs/gcc/Warning-Options.html#index-Wmissing-field-initializers-Wmissing-field-initializers]8;;[m[K]
[2.097s] [01m[K/home/anaple/rtk_ws/src/gs2lidar/include/v8stdint.h:240:24:[m[K [01;35m[Kwarning: [m[Kmissing initializer for member â€˜[01m[Kstat::st_rdev[m[Kâ€™ [[01;35m[K]8;;https://gcc.gnu.org/onlinedocs/gcc/Warning-Options.html#index-Wmissing-field-initializers-Wmissing-field-initializers]8;;[m[K]
[2.097s] [01m[K/home/anaple/rtk_ws/src/gs2lidar/include/v8stdint.h:240:24:[m[K [01;35m[Kwarning: [m[Kmissing initializer for member â€˜[01m[Kstat::st_size[m[Kâ€™ [[01;35m[K]8;;https://gcc.gnu.org/onlinedocs/gcc/Warning-Options.html#index-Wmissing-field-initializers-Wmissing-field-initializers]8;;[m[K]
[2.097s] [01m[K/home/anaple/rtk_ws/src/gs2lidar/include/v8stdint.h:240:24:[m[K [01;35m[Kwarning: [m[Kmissing initializer for member â€˜[01m[Kstat::st_blksize[m[Kâ€™ [[01;35m[K]8;;https://gcc.gnu.org/onlinedocs/gcc/Warning-Options.html#index-Wmissing-field-initializers-Wmissing-field-initializers]8;;[m[K]
[2.097s] [01m[K/home/anaple/rtk_ws/src/gs2lidar/include/v8stdint.h:240:24:[m[K [01;35m[Kwarning: [m[Kmissing initializer for member â€˜[01m[Kstat::st_blocks[m[Kâ€™ [[01;35m[K]8;;https://gcc.gnu.org/onlinedocs/gcc/Warning-Options.html#index-Wmissing-field-initializers-Wmissing-field-initializers]8;;[m[K]
[2.097s] [01m[K/home/anaple/rtk_ws/src/gs2lidar/include/v8stdint.h:240:24:[m[K [01;35m[Kwarning: [m[Kmissing initializer for member â€˜[01m[Kstat::st_atim[m[Kâ€™ [[01;35m[K]8;;https://gcc.gnu.org/onlinedocs/gcc/Warning-Options.html#index-Wmissing-field-initializers-Wmissing-field-initializers]8;;[m[K]
[2.098s] [01m[K/home/anaple/rtk_ws/src/gs2lidar/include/v8stdint.h:240:24:[m[K [01;35m[Kwarning: [m[Kmissing initializer for member â€˜[01m[Kstat::st_mtim[m[Kâ€™ [[01;35m[K]8;;https://gcc.gnu.org/onlinedocs/gcc/Warning-Options.html#index-Wmissing-field-initializers-Wmissing-field-initializers]8;;[m[K]
[2.098s] [01m[K/home/anaple/rtk_ws/src/gs2lidar/include/v8stdint.h:240:24:[m[K [01;35m[Kwarning: [m[Kmissing initializer for member â€˜[01m[Kstat::st_ctim[m[Kâ€™ [[01;35m[K]8;;https://gcc.gnu.org/onlinedocs/gcc/Warning-Options.html#index-Wmissing-field-initializers-Wmissing-field-initializers]8;;[m[K]
[2.098s] [01m[K/home/anaple/rtk_ws/src/gs2lidar/include/v8stdint.h:240:24:[m[K [01;35m[Kwarning: [m[Kmissing initializer for member â€˜[01m[Kstat::__glibc_reserved[m[Kâ€™ [[01;35m[K]8;;https://gcc.gnu.org/onlinedocs/gcc/Warning-Options.html#index-Wmissing-field-initializers-Wmissing-field-initializers]8;;[m[K]
[2.100s] In file included from [01m[K/home/anaple/rtk_ws/src/gs2lidar/include/ydlidar_driver.h:56[m[K,
[2.100s]                  from [01m[K/home/anaple/rtk_ws/src/gs2lidar/include/CYdLidar.h:54[m[K,
[2.100s]                  from [01m[K/home/anaple/rtk_ws/src/gs2lidar/src/main_ros2node.cpp:4[m[K:
[2.100s] [01m[K/home/anaple/rtk_ws/src/gs2lidar/include/thread.h:[m[K In static member function â€˜[01m[Kstatic Thread Thread::createThread(thread_proc_t, void*)[m[Kâ€™:
[2.100s] [01m[K/home/anaple/rtk_ws/src/gs2lidar/include/thread.h:43:57:[m[K [01;35m[Kwarning: [m[Kcast between incompatible function types from â€˜[01m[Kthread_proc_t[m[Kâ€™ {aka â€˜[01m[Klong unsigned int (*)(void*)[m[Kâ€™} to â€˜[01m[Kvoid* (*)(void*)[m[Kâ€™ [[01;35m[K]8;;https://gcc.gnu.org/onlinedocs/gcc/Warning-Options.html#index-Wcast-function-type-Wcast-function-type]8;;[m[K]
[2.100s]    43 |     pthread_create((pthread_t *)&thread_._handle, NULL, [01;35m[K(void *(*)(void *))proc[m[K,
[2.100s]       |                                                         [01;35m[K^~~~~~~~~~~~~~~~~~~~~~~[m[K
[2.104s] In file included from [01m[K/home/anaple/rtk_ws/src/gs2lidar/include/ydlidar_driver.h:57[m[K,
[2.104s]                  from [01m[K/home/anaple/rtk_ws/src/gs2lidar/include/CYdLidar.h:54[m[K,
[2.104s]                  from [01m[K/home/anaple/rtk_ws/src/gs2lidar/src/main_ros2node.cpp:4[m[K:
[2.104s] [01m[K/home/anaple/rtk_ws/src/gs2lidar/include/ydlidar_protocol.h:[m[K At global scope:
[2.104s] [01m[K/home/anaple/rtk_ws/src/gs2lidar/include/ydlidar_protocol.h:351:27:[m[K [01;35m[Kwarning: [m[Kignoring packed attribute because of unpacked non-POD field â€˜[01m[Kstd::vector<LaserPoint> LaserScan::points[m[Kâ€™
[2.104s]   351 |   std::vector<LaserPoint> [01;35m[Kpoints[m[K;
[2.104s]       |                           [01;35m[K^~~~~~[m[K
[2.104s] [01m[K/home/anaple/rtk_ws/src/gs2lidar/include/ydlidar_protocol.h:353:15:[m[K [01;35m[Kwarning: [m[Kignoring packed attribute because of unpacked non-POD field â€˜[01m[KLaserConfig LaserScan::config[m[Kâ€™
[2.104s]   353 |   LaserConfig [01;35m[Kconfig[m[K;
[2.104s]       |               [01;35m[K^~~~~~[m[K
[2.106s] In file included from [01m[K/home/anaple/rtk_ws/src/gs2lidar/include/ydlidar_driver.h:58[m[K,
[2.106s]                  from [01m[K/home/anaple/rtk_ws/src/gs2lidar/include/CYdLidar.h:54[m[K,
[2.106s]                  from [01m[K/home/anaple/rtk_ws/src/gs2lidar/src/main_ros2node.cpp:4[m[K:
[2.106s] [01m[K/home/anaple/rtk_ws/src/gs2lidar/include/help_info.h:[m[K In function â€˜[01m[Kbool ydlidar::isSupportMotorCtrl(int)[m[Kâ€™:
[2.106s] [01m[K/home/anaple/rtk_ws/src/gs2lidar/include/help_info.h:439:8:[m[K [01;35m[Kwarning: [m[Kvariable â€˜[01m[Kret[m[Kâ€™ set but not used [[01;35m[K]8;;https://gcc.gnu.org/onlinedocs/gcc/Warning-Options.html#index-Wunused-but-set-variable-Wunused-but-set-variable]8;;[m[K]
[2.106s]   439 |   bool [01;35m[Kret[m[K = false;
[2.106s]       |        [01;35m[K^~~[m[K
[2.121s] [01m[K/home/anaple/rtk_ws/src/gs2lidar/src/main_ros2node.cpp:[m[K At global scope:
[2.121s] [01m[K/home/anaple/rtk_ws/src/gs2lidar/src/main_ros2node.cpp:171:2:[m[K [01;31m[Kerror: [m[Kexpected â€˜[01m[K;[m[Kâ€™ after class definition
[2.121s]   171 | }
[2.121s]       |  [01;31m[K^[m[K
[2.121s]       |  [32m[K;[m[K
[2.138s] [01m[K/home/anaple/rtk_ws/src/gs2lidar/src/main_ros2node.cpp:[m[K In member function â€˜[01m[Kvoid LanserScannerNode::serialReader()[m[Kâ€™:
[2.138s] [01m[K/home/anaple/rtk_ws/src/gs2lidar/src/main_ros2node.cpp:81:22:[m[K [01;35m[Kwarning: [m[Kunused variable â€˜[01m[Kheader[m[Kâ€™ [[01;35m[K]8;;https://gcc.gnu.org/onlinedocs/gcc/Warning-Options.html#index-Wunused-variable-Wunused-variable]8;;[m[K]
[2.138s]    81 |             uint8_t *[01;35m[Kheader[m[K = reinterpret_cast<uint8_t *>(&scan);
[2.138s]       |                      [01;35m[K^~~~~~[m[K
[2.138s] [01m[K/home/anaple/rtk_ws/src/gs2lidar/src/main_ros2node.cpp:82:20:[m[K [01;35m[Kwarning: [m[Kunused variable â€˜[01m[Ksize[m[Kâ€™ [[01;35m[K]8;;https://gcc.gnu.org/onlinedocs/gcc/Warning-Options.html#index-Wunused-variable-Wunused-variable]8;;[m[K]
[2.138s]    82 |             size_t [01;35m[Ksize[m[K = sizeof(scan);
[2.138s]       |                    [01;35m[K^~~~[m[K
[2.822s] gmake[2]: *** [CMakeFiles/gs2lidar.dir/build.make:76ï¼šCMakeFiles/gs2lidar.dir/src/main_ros2node.cpp.o] é”™è¯¯ 1
[2.823s] gmake[1]: *** [CMakeFiles/Makefile2:165ï¼šCMakeFiles/gs2lidar.dir/all] é”™è¯¯ 2
[2.823s] gmake: *** [Makefile:146ï¼šall] é”™è¯¯ 2
[2.827s] Invoked command in '/home/anaple/rtk_ws/src/gs2lidar/build/gs2lidar' returned '2': CMAKE_PREFIX_PATH=${CMAKE_PREFIX_PATH}:/opt/ros/humble /usr/bin/cmake --build /home/anaple/rtk_ws/src/gs2lidar/build/gs2lidar -- -j16 -l16
